<?xml version="1.0" encoding="UTF-8"?>
<!-- Generated by org.testng.reporters.JUnitXMLReporter -->
<testsuite ignored="0" hostname="Mandys-Air.ht.home" failures="1" tests="1" name="Android Test" time="11.891" errors="0" timestamp="2023-07-05T22:28:31 EDT">
  <testcase classname="test.Android.AppiumBasics" name="WifiSettingsTest" time="6.312">
    <failure type="java.lang.AssertionError" message="expected [true] but found [false]">
      <![CDATA[java.lang.AssertionError: expected [true] but found [false]
at test.Android.AppiumBasics.WifiSettingsTest(AppiumBasics.java:31)
at java.base/java.util.ArrayList.forEach(ArrayList.java:1511)
... Removed 31 stack frames]]>
    </failure>
  </testcase> <!-- WifiSettingsTest -->
</testsuite> <!-- Android Test -->
