<?xml version="1.0" encoding="UTF-8"?>
<testng-results ignored="0" total="2" passed="1" failed="1" skipped="0">
  <reporter-output>
  </reporter-output>
  <suite started-at="2023-07-05T22:28:03 EDT" name="Suite" finished-at="2023-07-05T22:28:31 EDT" duration-ms="27244">
    <groups>
    </groups>
    <test started-at="2023-07-05T22:28:03 EDT" name="Ios Test api" finished-at="2023-07-05T22:28:18 EDT" duration-ms="14847">
      <class name="tests.Ios.IOSBasicTest">
        <test-method is-config="true" signature="ConfigureAppium()[pri:0, instance:tests.Ios.IOSBasicTest@6187d1f5]" started-at="2023-07-05T22:28:04 EDT" name="ConfigureAppium" finished-at="2023-07-05T22:28:09 EDT" duration-ms="5391" status="PASS">
          <reporter-output>
          </reporter-output>
        </test-method> <!-- ConfigureAppium -->
        <test-method signature="BasicTest()[pri:0, instance:tests.Ios.IOSBasicTest@6187d1f5]" started-at="2023-07-05T22:28:09 EDT" name="BasicTest" finished-at="2023-07-05T22:28:17 EDT" duration-ms="8317" status="PASS">
          <reporter-output>
          </reporter-output>
        </test-method> <!-- BasicTest -->
        <test-method is-config="true" signature="TearDown()[pri:0, instance:tests.Ios.IOSBasicTest@6187d1f5]" started-at="2023-07-05T22:28:17 EDT" name="TearDown" finished-at="2023-07-05T22:28:18 EDT" duration-ms="1068" status="PASS">
          <reporter-output>
          </reporter-output>
        </test-method> <!-- TearDown -->
      </class> <!-- tests.Ios.IOSBasicTest -->
    </test> <!-- Ios Test api -->
    <test started-at="2023-07-05T22:28:19 EDT" name="Android Test" finished-at="2023-07-05T22:28:31 EDT" duration-ms="11891">
      <class name="test.Android.AppiumBasics">
        <test-method is-config="true" signature="ConfigureAppium()[pri:0, instance:test.Android.AppiumBasics@7642df8f]" started-at="2023-07-05T22:28:19 EDT" name="ConfigureAppium" finished-at="2023-07-05T22:28:24 EDT" duration-ms="4832" status="PASS">
          <reporter-output>
          </reporter-output>
        </test-method> <!-- ConfigureAppium -->
        <test-method signature="WifiSettingsTest()[pri:0, instance:test.Android.AppiumBasics@7642df8f]" started-at="2023-07-05T22:28:24 EDT" name="WifiSettingsTest" finished-at="2023-07-05T22:28:30 EDT" duration-ms="6312" status="FAIL">
          <exception class="java.lang.AssertionError">
            <message>
              <![CDATA[expected [true] but found [false]]]>
            </message>
            <full-stacktrace>
              <![CDATA[java.lang.AssertionError: expected [true] but found [false]
at org.testng.Assert.fail(Assert.java:111)
at org.testng.Assert.failNotEquals(Assert.java:1578)
at org.testng.Assert.assertTrue(Assert.java:57)
at org.testng.Assert.assertTrue(Assert.java:67)
at test.Android.AppiumBasics.WifiSettingsTest(AppiumBasics.java:31)
at java.base/jdk.internal.reflect.NativeMethodAccessorImpl.invoke0(Native Method)
at java.base/jdk.internal.reflect.NativeMethodAccessorImpl.invoke(NativeMethodAccessorImpl.java:77)
at java.base/jdk.internal.reflect.DelegatingMethodAccessorImpl.invoke(DelegatingMethodAccessorImpl.java:43)
at java.base/java.lang.reflect.Method.invoke(Method.java:568)
at org.testng.internal.invokers.MethodInvocationHelper.invokeMethod(MethodInvocationHelper.java:139)
at org.testng.internal.invokers.TestInvoker.invokeMethod(TestInvoker.java:664)
at org.testng.internal.invokers.TestInvoker.invokeTestMethod(TestInvoker.java:227)
at org.testng.internal.invokers.MethodRunner.runInSequence(MethodRunner.java:50)
at org.testng.internal.invokers.TestInvoker$MethodInvocationAgent.invoke(TestInvoker.java:957)
at org.testng.internal.invokers.TestInvoker.invokeTestMethods(TestInvoker.java:200)
at org.testng.internal.invokers.TestMethodWorker.invokeTestMethods(TestMethodWorker.java:148)
at org.testng.internal.invokers.TestMethodWorker.run(TestMethodWorker.java:128)
at java.base/java.util.ArrayList.forEach(ArrayList.java:1511)
at org.testng.TestRunner.privateRun(TestRunner.java:848)
at org.testng.TestRunner.run(TestRunner.java:621)
at org.testng.SuiteRunner.runTest(SuiteRunner.java:443)
at org.testng.SuiteRunner.runSequentially(SuiteRunner.java:437)
at org.testng.SuiteRunner.privateRun(SuiteRunner.java:397)
at org.testng.SuiteRunner.run(SuiteRunner.java:336)
at org.testng.SuiteRunnerWorker.runSuite(SuiteRunnerWorker.java:52)
at org.testng.SuiteRunnerWorker.run(SuiteRunnerWorker.java:95)
at org.testng.TestNG.runSuitesSequentially(TestNG.java:1280)
at org.testng.TestNG.runSuitesLocally(TestNG.java:1200)
at org.testng.TestNG.runSuites(TestNG.java:1114)
at org.testng.TestNG.run(TestNG.java:1082)
at org.testng.remote.AbstractRemoteTestNG.run(AbstractRemoteTestNG.java:115)
at org.testng.remote.RemoteTestNG.initAndRun(RemoteTestNG.java:251)
at org.testng.remote.RemoteTestNG.main(RemoteTestNG.java:77)
]]>
            </full-stacktrace>
          </exception> <!-- java.lang.AssertionError -->
          <reporter-output>
          </reporter-output>
        </test-method> <!-- WifiSettingsTest -->
        <test-method is-config="true" signature="TearDown()[pri:0, instance:test.Android.AppiumBasics@7642df8f]" started-at="2023-07-05T22:28:30 EDT" name="TearDown" finished-at="2023-07-05T22:28:31 EDT" duration-ms="337" status="PASS">
          <reporter-output>
          </reporter-output>
        </test-method> <!-- TearDown -->
      </class> <!-- test.Android.AppiumBasics -->
    </test> <!-- Android Test -->
  </suite> <!-- Suite -->
</testng-results>
